{"message":"CORS disabled.","level":"warn","label":"Test01","timestamp":"2019-06-18T02:57:01.008Z"}
{"message":"Application started with success.","level":"info","label":"Test01","timestamp":"2019-06-18T02:57:01.093Z"}
{"message":"Version : 1.0.0","level":"info","label":"Test01","timestamp":"2019-06-18T02:57:01.093Z"}
{"message":"Author: Tommy Gingras | Studio Webux S.E.N.C","level":"info","label":"Test01","timestamp":"2019-06-18T02:57:01.093Z"}
{"message":"Project : Webuxjs is listening on port 1337...","level":"info","label":"Test01","timestamp":"2019-06-18T02:57:01.094Z"}
{"message":"RESTFUL API accessible from : 1.0.0","level":"info","label":"Test01","timestamp":"2019-06-18T02:57:01.094Z"}
{"message":"Mode : development","level":"info","label":"Test01","timestamp":"2019-06-18T02:57:01.094Z"}
{"message":"Working Path : /Users/tgingras/Documents/Studiowebux/framework/webuxjs","level":"info","label":"Test01","timestamp":"2019-06-18T02:57:01.094Z"}
{"message":"will use locales/fr.json","level":"debug","label":"Test01","timestamp":"2019-06-18T03:03:49.770Z"}
{"message":"read locales/fr.json for locale: fr","level":"debug","label":"Test01","timestamp":"2019-06-18T03:03:49.770Z"}
{"message":"will use locales/en.json","level":"debug","label":"Test01","timestamp":"2019-06-18T03:03:49.771Z"}
{"message":"read locales/en.json for locale: en","level":"debug","label":"Test01","timestamp":"2019-06-18T03:03:49.771Z"}
{"message":"Language not available, undefined","level":"warn","label":"Test01","timestamp":"2019-06-18T03:03:49.787Z"}
{"message":{"method":"GET","url":"/d","headers":{"host":"127.0.0.1:1337","pragma":"no-cache","connection":"keep-alive","upgrade-insecure-requests":"1","accept":"text/html,application/xhtml+xml,application/xml;q=0.9,*/*;q=0.8","user-agent":"Mozilla/5.0 (Macintosh; Intel Mac OS X 10_14_5) AppleWebKit/605.1.15 (KHTML, like Gecko) Version/12.1.1 Safari/605.1.15","accept-language":"en-ca","cache-control":"no-cache","accept-encoding":"gzip, deflate"},"body":{},"time":25.603140999999997,"http":"1.1"},"level":"info","label":"Test01","timestamp":"2019-06-18T03:03:49.797Z"}
{"message":"{\"method\":\"GET\",\"url\":\"/d\",\"status\":\"404\",\"length\":\"140\",\"response-time\":\"38.786 ms\"}\n","level":"info","label":"Test01","timestamp":"2019-06-18T03:03:49.803Z"}
{"message":"will use locales/fr.json","level":"debug","label":"Test01","timestamp":"2019-06-18T03:03:52.884Z"}
{"message":"read locales/fr.json for locale: fr","level":"debug","label":"Test01","timestamp":"2019-06-18T03:03:52.885Z"}
{"message":"will use locales/en.json","level":"debug","label":"Test01","timestamp":"2019-06-18T03:03:52.885Z"}
{"message":"read locales/en.json for locale: en","level":"debug","label":"Test01","timestamp":"2019-06-18T03:03:52.885Z"}
{"message":"Language not available, undefined","level":"warn","label":"Test01","timestamp":"2019-06-18T03:03:52.886Z"}
{"message":"Hello World !","level":"info","label":"Test01","timestamp":"2019-06-18T03:03:52.887Z"}
{"message":{"method":"GET","url":"/","headers":{"host":"127.0.0.1:1337","pragma":"no-cache","connection":"keep-alive","upgrade-insecure-requests":"1","accept":"text/html,application/xhtml+xml,application/xml;q=0.9,*/*;q=0.8","user-agent":"Mozilla/5.0 (Macintosh; Intel Mac OS X 10_14_5) AppleWebKit/605.1.15 (KHTML, like Gecko) Version/12.1.1 Safari/605.1.15","accept-language":"en-ca","cache-control":"no-cache","accept-encoding":"gzip, deflate"},"params":{},"body":{},"time":6.2817169999999996,"http":"1.1"},"level":"info","label":"Test01","timestamp":"2019-06-18T03:03:52.891Z"}
{"message":"{\"method\":\"GET\",\"url\":\"/\",\"status\":\"200\",\"length\":\"83\",\"response-time\":\"9.582 ms\"}\n","level":"info","label":"Test01","timestamp":"2019-06-18T03:03:52.894Z"}
{"message":"will use locales/fr.json","level":"debug","label":"Test01","timestamp":"2019-06-18T03:03:59.379Z"}
{"message":"read locales/fr.json for locale: fr","level":"debug","label":"Test01","timestamp":"2019-06-18T03:03:59.379Z"}
{"message":"will use locales/en.json","level":"debug","label":"Test01","timestamp":"2019-06-18T03:03:59.380Z"}
{"message":"read locales/en.json for locale: en","level":"debug","label":"Test01","timestamp":"2019-06-18T03:03:59.380Z"}
{"message":"Language not available, undefined","level":"warn","label":"Test01","timestamp":"2019-06-18T03:03:59.380Z"}
{"message":"Language getter","level":"info","label":"Test01","timestamp":"2019-06-18T03:03:59.381Z"}
{"message":{"method":"GET","url":"/lang","headers":{"host":"127.0.0.1:1337","pragma":"no-cache","connection":"keep-alive","upgrade-insecure-requests":"1","accept":"text/html,application/xhtml+xml,application/xml;q=0.9,*/*;q=0.8","user-agent":"Mozilla/5.0 (Macintosh; Intel Mac OS X 10_14_5) AppleWebKit/605.1.15 (KHTML, like Gecko) Version/12.1.1 Safari/605.1.15","accept-language":"en-ca","cache-control":"no-cache","accept-encoding":"gzip, deflate"},"params":{},"body":{},"time":3.059631,"http":"1.1"},"level":"info","label":"Test01","timestamp":"2019-06-18T03:03:59.382Z"}
{"message":"{\"method\":\"GET\",\"url\":\"/lang\",\"status\":\"200\",\"length\":\"132\",\"response-time\":\"8.085 ms\"}\n","level":"info","label":"Test01","timestamp":"2019-06-18T03:03:59.387Z"}
{"message":"will use locales/fr.json","level":"debug","label":"Test01","timestamp":"2019-06-18T03:04:18.179Z"}
{"message":"read locales/fr.json for locale: fr","level":"debug","label":"Test01","timestamp":"2019-06-18T03:04:18.179Z"}
{"message":"will use locales/en.json","level":"debug","label":"Test01","timestamp":"2019-06-18T03:04:18.180Z"}
{"message":"read locales/en.json for locale: en","level":"debug","label":"Test01","timestamp":"2019-06-18T03:04:18.180Z"}
{"message":"Language getter","level":"info","label":"Test01","timestamp":"2019-06-18T03:04:18.181Z"}
{"message":{"method":"GET","url":"/lang","headers":{"content-type":"application/json","lang":"fr","cache-control":"no-cache","user-agent":"PostmanRuntime/7.6.0","accept":"*/*","host":"127.0.0.1:1337","accept-encoding":"gzip, deflate","content-length":"83","connection":"keep-alive"},"params":{},"body":{"notification":{"deviceID":"5cf0524c29b376c575e6005b","message":"Door Open"}},"time":3.597831,"http":"1.1"},"level":"info","label":"Test01","timestamp":"2019-06-18T03:04:18.182Z"}
{"message":"{\"method\":\"GET\",\"url\":\"/lang\",\"status\":\"200\",\"length\":\"132\",\"response-time\":\"5.325 ms\"}\n","level":"info","label":"Test01","timestamp":"2019-06-18T03:04:18.186Z"}
{"message":"will use locales/fr.json","level":"debug","label":"Test01","timestamp":"2019-06-18T03:04:26.738Z"}
{"message":"read locales/fr.json for locale: fr","level":"debug","label":"Test01","timestamp":"2019-06-18T03:04:26.738Z"}
{"message":"will use locales/en.json","level":"debug","label":"Test01","timestamp":"2019-06-18T03:04:26.739Z"}
{"message":"read locales/en.json for locale: en","level":"debug","label":"Test01","timestamp":"2019-06-18T03:04:26.739Z"}
{"message":"Language getter","level":"info","label":"Test01","timestamp":"2019-06-18T03:04:26.740Z"}
{"message":{"method":"GET","url":"/lang","headers":{"content-type":"application/json","lang":"en","cache-control":"no-cache","user-agent":"PostmanRuntime/7.6.0","accept":"*/*","host":"127.0.0.1:1337","accept-encoding":"gzip, deflate","content-length":"83","connection":"keep-alive"},"params":{},"body":{"notification":{"deviceID":"5cf0524c29b376c575e6005b","message":"Door Open"}},"time":3.6504339999999997,"http":"1.1"},"level":"info","label":"Test01","timestamp":"2019-06-18T03:04:26.741Z"}
{"message":"{\"method\":\"GET\",\"url\":\"/lang\",\"status\":\"200\",\"length\":\"132\",\"response-time\":\"5.720 ms\"}\n","level":"info","label":"Test01","timestamp":"2019-06-18T03:04:26.742Z"}
{"message":"1. Getting all the default value files.","level":"info","label":"Test01","timestamp":"2019-06-18T23:20:18.771Z"}
{"message":"CORS disabled.","level":"warn","label":"Test01","timestamp":"2019-06-18T23:20:18.787Z"}
{"message":"Application started with success.","level":"info","label":"Test01","timestamp":"2019-06-18T23:20:18.879Z"}
{"message":"Version : 1.0.0","level":"info","label":"Test01","timestamp":"2019-06-18T23:20:18.880Z"}
{"message":"Author: Tommy Gingras | Studio Webux S.E.N.C","level":"info","label":"Test01","timestamp":"2019-06-18T23:20:18.880Z"}
{"message":"Project : Webuxjs is listening on port 1337...","level":"info","label":"Test01","timestamp":"2019-06-18T23:20:18.880Z"}
{"message":"RESTFUL API accessible from : 1.0.0","level":"info","label":"Test01","timestamp":"2019-06-18T23:20:18.880Z"}
{"message":"Mode : development","level":"info","label":"Test01","timestamp":"2019-06-18T23:20:18.881Z"}
{"message":"Working Path : /Users/tgingras/Documents/Studiowebux/framework/webuxjs","level":"info","label":"Test01","timestamp":"2019-06-18T23:20:18.881Z"}
{"message":"2. All default values loaded.","level":"info","label":"Test01","timestamp":"2019-06-18T23:20:18.883Z"}
{"message":"1. Getting all the default value files.","level":"info","label":"Test01","timestamp":"2019-06-18T23:38:55.768Z"}
{"message":"CORS disabled.","level":"warn","label":"Test01","timestamp":"2019-06-18T23:38:55.784Z"}
{"message":"Application started with success.","level":"info","label":"Test01","timestamp":"2019-06-18T23:38:55.886Z"}
{"message":"Version : 1.0.0","level":"info","label":"Test01","timestamp":"2019-06-18T23:38:55.887Z"}
{"message":"Author: Tommy Gingras | Studio Webux S.E.N.C","level":"info","label":"Test01","timestamp":"2019-06-18T23:38:55.887Z"}
{"message":"Project : Webuxjs is listening on port 1337...","level":"info","label":"Test01","timestamp":"2019-06-18T23:38:55.887Z"}
{"message":"RESTFUL API accessible from : 1.0.0","level":"info","label":"Test01","timestamp":"2019-06-18T23:38:55.887Z"}
{"message":"Mode : development","level":"info","label":"Test01","timestamp":"2019-06-18T23:38:55.887Z"}
{"message":"Working Path : /Users/tgingras/Documents/Studiowebux/framework/webuxjs","level":"info","label":"Test01","timestamp":"2019-06-18T23:38:55.888Z"}
{"message":"2. All default values loaded.","level":"info","label":"Test01","timestamp":"2019-06-18T23:38:55.889Z"}
{"message":"1. Getting all the default value files.","level":"info","label":"Test01","timestamp":"2019-06-18T23:40:41.033Z"}
{"message":"2. All default values loaded.","level":"info","label":"Test01","timestamp":"2019-06-18T23:40:41.038Z"}
{"message":"CORS disabled.","level":"warn","label":"Test01","timestamp":"2019-06-18T23:40:41.050Z"}
{"message":"Application started with success.","level":"info","label":"Test01","timestamp":"2019-06-18T23:40:41.138Z"}
{"message":"Version : 1.0.0","level":"info","label":"Test01","timestamp":"2019-06-18T23:40:41.138Z"}
{"message":"Author: Tommy Gingras | Studio Webux S.E.N.C","level":"info","label":"Test01","timestamp":"2019-06-18T23:40:41.138Z"}
{"message":"Project : Webuxjs is listening on port 1337...","level":"info","label":"Test01","timestamp":"2019-06-18T23:40:41.139Z"}
{"message":"RESTFUL API accessible from : 1.0.0","level":"info","label":"Test01","timestamp":"2019-06-18T23:40:41.139Z"}
{"message":"Mode : development","level":"info","label":"Test01","timestamp":"2019-06-18T23:40:41.139Z"}
{"message":"Working Path : /Users/tgingras/Documents/Studiowebux/framework/webuxjs","level":"info","label":"Test01","timestamp":"2019-06-18T23:40:41.139Z"}
{"message":"will use locales/fr.json","level":"debug","label":"Test01","timestamp":"2019-06-18T23:40:51.784Z"}
{"message":"read locales/fr.json for locale: fr","level":"debug","label":"Test01","timestamp":"2019-06-18T23:40:51.784Z"}
{"message":"will use locales/en.json","level":"debug","label":"Test01","timestamp":"2019-06-18T23:40:51.785Z"}
{"message":"read locales/en.json for locale: en","level":"debug","label":"Test01","timestamp":"2019-06-18T23:40:51.786Z"}
{"message":"Language not available, undefined","level":"warn","label":"Test01","timestamp":"2019-06-18T23:40:51.799Z"}
{"message":"Hello World !","level":"info","label":"Test01","timestamp":"2019-06-18T23:40:51.800Z"}
{"message":{"method":"GET","url":"/","headers":{"host":"127.0.0.1:1337","pragma":"no-cache","connection":"keep-alive","upgrade-insecure-requests":"1","accept":"text/html,application/xhtml+xml,application/xml;q=0.9,*/*;q=0.8","user-agent":"Mozilla/5.0 (Macintosh; Intel Mac OS X 10_14_5) AppleWebKit/605.1.15 (KHTML, like Gecko) Version/12.1.1 Safari/605.1.15","accept-language":"en-ca","cache-control":"no-cache","accept-encoding":"gzip, deflate"},"params":{},"body":{},"time":22.873321999999998,"http":"1.1"},"level":"info","label":"Test01","timestamp":"2019-06-18T23:40:51.807Z"}
{"message":"{\"method\":\"GET\",\"url\":\"/\",\"status\":\"200\",\"length\":\"83\",\"response-time\":\"36.721 ms\"}\n","level":"info","label":"Test01","timestamp":"2019-06-18T23:40:51.816Z"}
{"message":"will use locales/fr.json","level":"debug","label":"Test01","timestamp":"2019-06-18T23:40:56.016Z"}
{"message":"read locales/fr.json for locale: fr","level":"debug","label":"Test01","timestamp":"2019-06-18T23:40:56.016Z"}
{"message":"will use locales/en.json","level":"debug","label":"Test01","timestamp":"2019-06-18T23:40:56.016Z"}
{"message":"read locales/en.json for locale: en","level":"debug","label":"Test01","timestamp":"2019-06-18T23:40:56.017Z"}
{"message":"Language not available, undefined","level":"warn","label":"Test01","timestamp":"2019-06-18T23:40:56.017Z"}
{"message":"Language getter","level":"info","label":"Test01","timestamp":"2019-06-18T23:40:56.018Z"}
{"message":{"method":"GET","url":"/lang","headers":{"host":"127.0.0.1:1337","pragma":"no-cache","connection":"keep-alive","upgrade-insecure-requests":"1","accept":"text/html,application/xhtml+xml,application/xml;q=0.9,*/*;q=0.8","user-agent":"Mozilla/5.0 (Macintosh; Intel Mac OS X 10_14_5) AppleWebKit/605.1.15 (KHTML, like Gecko) Version/12.1.1 Safari/605.1.15","accept-language":"en-ca","cache-control":"no-cache","accept-encoding":"gzip, deflate"},"body":{},"time":9.956036,"http":"1.1"},"level":"info","label":"Test01","timestamp":"2019-06-18T23:40:56.026Z"}
{"message":"{\"method\":\"GET\",\"url\":\"/lang\",\"status\":\"500\",\"length\":\"-\",\"response-time\":\"12.331 ms\"}\n","level":"info","label":"Test01","timestamp":"2019-06-18T23:40:56.057Z"}
{"message":"1. Getting all the default value files.","level":"info","label":"Test01","timestamp":"2019-06-18T23:41:16.406Z"}
{"message":"2. All default values loaded.","level":"info","label":"Test01","timestamp":"2019-06-18T23:41:16.411Z"}
{"message":"CORS disabled.","level":"warn","label":"Test01","timestamp":"2019-06-18T23:41:16.418Z"}
{"message":"Application started with success.","level":"info","label":"Test01","timestamp":"2019-06-18T23:41:16.479Z"}
{"message":"Version : 1.0.0","level":"info","label":"Test01","timestamp":"2019-06-18T23:41:16.479Z"}
{"message":"Author: Tommy Gingras | Studio Webux S.E.N.C","level":"info","label":"Test01","timestamp":"2019-06-18T23:41:16.479Z"}
{"message":"Project : Webuxjs is listening on port 1337...","level":"info","label":"Test01","timestamp":"2019-06-18T23:41:16.479Z"}
{"message":"RESTFUL API accessible from : 1.0.0","level":"info","label":"Test01","timestamp":"2019-06-18T23:41:16.479Z"}
{"message":"Mode : development","level":"info","label":"Test01","timestamp":"2019-06-18T23:41:16.479Z"}
{"message":"Working Path : /Users/tgingras/Documents/Studiowebux/framework/webuxjs","level":"info","label":"Test01","timestamp":"2019-06-18T23:41:16.480Z"}
{"message":"will use locales/fr.json","level":"debug","label":"Test01","timestamp":"2019-06-18T23:41:18.271Z"}
{"message":"read locales/fr.json for locale: fr","level":"debug","label":"Test01","timestamp":"2019-06-18T23:41:18.272Z"}
{"message":"will use locales/en.json","level":"debug","label":"Test01","timestamp":"2019-06-18T23:41:18.273Z"}
{"message":"read locales/en.json for locale: en","level":"debug","label":"Test01","timestamp":"2019-06-18T23:41:18.273Z"}
{"message":"Language not available, undefined","level":"warn","label":"Test01","timestamp":"2019-06-18T23:41:18.290Z"}
{"message":"Language getter","level":"info","label":"Test01","timestamp":"2019-06-18T23:41:18.291Z"}
{"message":{"method":"GET","url":"/lang","headers":{"host":"127.0.0.1:1337","pragma":"no-cache","connection":"keep-alive","upgrade-insecure-requests":"1","accept":"text/html,application/xhtml+xml,application/xml;q=0.9,*/*;q=0.8","user-agent":"Mozilla/5.0 (Macintosh; Intel Mac OS X 10_14_5) AppleWebKit/605.1.15 (KHTML, like Gecko) Version/12.1.1 Safari/605.1.15","accept-language":"en-ca","cache-control":"no-cache","accept-encoding":"gzip, deflate"},"params":{},"body":{},"time":28.297112,"http":"1.1"},"level":"info","label":"Test01","timestamp":"2019-06-18T23:41:18.298Z"}
{"message":"{\"method\":\"GET\",\"url\":\"/lang\",\"status\":\"200\",\"length\":\"132\",\"response-time\":\"41.804 ms\"}\n","level":"info","label":"Test01","timestamp":"2019-06-18T23:41:18.307Z"}
{"message":"will use locales/fr.json","level":"debug","label":"Test01","timestamp":"2019-06-18T23:41:24.354Z"}
{"message":"read locales/fr.json for locale: fr","level":"debug","label":"Test01","timestamp":"2019-06-18T23:41:24.355Z"}
{"message":"will use locales/en.json","level":"debug","label":"Test01","timestamp":"2019-06-18T23:41:24.355Z"}
{"message":"read locales/en.json for locale: en","level":"debug","label":"Test01","timestamp":"2019-06-18T23:41:24.355Z"}
{"message":"Language not available, undefined","level":"warn","label":"Test01","timestamp":"2019-06-18T23:41:24.356Z"}
{"message":"Hello World !","level":"info","label":"Test01","timestamp":"2019-06-18T23:41:24.357Z"}
{"message":{"method":"GET","url":"/","headers":{"host":"127.0.0.1:1337","pragma":"no-cache","connection":"keep-alive","upgrade-insecure-requests":"1","accept":"text/html,application/xhtml+xml,application/xml;q=0.9,*/*;q=0.8","user-agent":"Mozilla/5.0 (Macintosh; Intel Mac OS X 10_14_5) AppleWebKit/605.1.15 (KHTML, like Gecko) Version/12.1.1 Safari/605.1.15","accept-language":"en-ca","cache-control":"no-cache","accept-encoding":"gzip, deflate"},"params":{},"body":{},"time":3.35104,"http":"1.1"},"level":"info","label":"Test01","timestamp":"2019-06-18T23:41:24.358Z"}
{"message":"{\"method\":\"GET\",\"url\":\"/\",\"status\":\"200\",\"length\":\"83\",\"response-time\":\"6.084 ms\"}\n","level":"info","label":"Test01","timestamp":"2019-06-18T23:41:24.360Z"}
{"message":"1. Getting all the default value files.","level":"info","label":"Test01","timestamp":"2019-06-18T23:43:20.521Z"}
{"message":"2. All default values loaded.","level":"info","label":"Test01","timestamp":"2019-06-18T23:43:20.527Z"}
{"message":"CORS disabled.","level":"warn","label":"Test01","timestamp":"2019-06-18T23:43:20.539Z"}
{"message":"Application started with success.","level":"info","label":"Test01","timestamp":"2019-06-18T23:43:20.630Z"}
{"message":"Version : 1.0.0","level":"info","label":"Test01","timestamp":"2019-06-18T23:43:20.631Z"}
{"message":"Author: Tommy Gingras | Studio Webux S.E.N.C","level":"info","label":"Test01","timestamp":"2019-06-18T23:43:20.631Z"}
{"message":"Project : Webuxjs is listening on port 1337...","level":"info","label":"Test01","timestamp":"2019-06-18T23:43:20.631Z"}
{"message":"RESTFUL API accessible from : 1.0.0","level":"info","label":"Test01","timestamp":"2019-06-18T23:43:20.631Z"}
{"message":"Mode : development","level":"info","label":"Test01","timestamp":"2019-06-18T23:43:20.632Z"}
{"message":"Working Path : /Users/tgingras/Documents/Studiowebux/framework/webuxjs","level":"info","label":"Test01","timestamp":"2019-06-18T23:43:20.632Z"}
{"message":"1. Getting all the default value files.","level":"info","label":"Test01","timestamp":"2019-06-18T23:43:43.565Z"}
{"message":"2. All default values loaded.","level":"info","label":"Test01","timestamp":"2019-06-18T23:43:43.568Z"}
{"message":"CORS disabled.","level":"warn","label":"Test01","timestamp":"2019-06-18T23:43:43.576Z"}
{"message":"Application started with success.","level":"info","label":"Test01","timestamp":"2019-06-18T23:43:43.628Z"}
{"message":"Version : 1.0.0","level":"info","label":"Test01","timestamp":"2019-06-18T23:43:43.629Z"}
{"message":"Author: Tommy Gingras | Studio Webux S.E.N.C","level":"info","label":"Test01","timestamp":"2019-06-18T23:43:43.629Z"}
{"message":"Project : Webuxjs is listening on port 1337...","level":"info","label":"Test01","timestamp":"2019-06-18T23:43:43.629Z"}
{"message":"RESTFUL API accessible from : 1.0.0","level":"info","label":"Test01","timestamp":"2019-06-18T23:43:43.629Z"}
{"message":"Mode : development","level":"info","label":"Test01","timestamp":"2019-06-18T23:43:43.629Z"}
{"message":"Working Path : /Users/tgingras/Documents/Studiowebux/framework/webuxjs","level":"info","label":"Test01","timestamp":"2019-06-18T23:43:43.629Z"}
{"message":"1. Getting all the default value files.","level":"info","label":"Test01","timestamp":"2019-06-18T23:45:56.621Z"}
{"message":"2. All default values loaded.","level":"info","label":"Test01","timestamp":"2019-06-18T23:45:56.625Z"}
{"message":"CORS disabled.","level":"warn","label":"Test01","timestamp":"2019-06-18T23:45:56.631Z"}
{"message":"Application started with success.","level":"info","label":"Test01","timestamp":"2019-06-18T23:45:56.695Z"}
{"message":"Version : 1.0.0","level":"info","label":"Test01","timestamp":"2019-06-18T23:45:56.695Z"}
{"message":"Author: Tommy Gingras | Studio Webux S.E.N.C","level":"info","label":"Test01","timestamp":"2019-06-18T23:45:56.695Z"}
{"message":"Project : Webuxjs is listening on port 1337...","level":"info","label":"Test01","timestamp":"2019-06-18T23:45:56.696Z"}
{"message":"RESTFUL API accessible from : 1.0.0","level":"info","label":"Test01","timestamp":"2019-06-18T23:45:56.696Z"}
{"message":"Mode : development","level":"info","label":"Test01","timestamp":"2019-06-18T23:45:56.696Z"}
{"message":"Working Path : /Users/tgingras/Documents/Studiowebux/framework/webuxjs","level":"info","label":"Test01","timestamp":"2019-06-18T23:45:56.697Z"}
{"message":"will use locales/fr.json","level":"debug","label":"Test01","timestamp":"2019-06-18T23:46:01.588Z"}
{"message":"read locales/fr.json for locale: fr","level":"debug","label":"Test01","timestamp":"2019-06-18T23:46:01.589Z"}
{"message":"will use locales/en.json","level":"debug","label":"Test01","timestamp":"2019-06-18T23:46:01.590Z"}
{"message":"read locales/en.json for locale: en","level":"debug","label":"Test01","timestamp":"2019-06-18T23:46:01.590Z"}
{"message":"Language not available, undefined","level":"warn","label":"Test01","timestamp":"2019-06-18T23:46:01.602Z"}
{"message":"Hello World !","level":"info","label":"Test01","timestamp":"2019-06-18T23:46:01.604Z"}
{"message":{"method":"GET","url":"/","headers":{"host":"127.0.0.1:1337","pragma":"no-cache","connection":"keep-alive","upgrade-insecure-requests":"1","accept":"text/html,application/xhtml+xml,application/xml;q=0.9,*/*;q=0.8","user-agent":"Mozilla/5.0 (Macintosh; Intel Mac OS X 10_14_5) AppleWebKit/605.1.15 (KHTML, like Gecko) Version/12.1.1 Safari/605.1.15","accept-language":"en-ca","cache-control":"no-cache","accept-encoding":"gzip, deflate"},"params":{},"body":{},"time":22.508318,"http":"1.1"},"level":"info","label":"Test01","timestamp":"2019-06-18T23:46:01.612Z"}
{"message":"{\"method\":\"GET\",\"url\":\"/\",\"status\":\"200\",\"length\":\"83\",\"response-time\":\"35.525 ms\"}\n","level":"info","label":"Test01","timestamp":"2019-06-18T23:46:01.620Z"}
{"message":"1. Getting all the default value files.","level":"info","label":"Test01","timestamp":"2019-06-19T00:12:45.359Z"}
{"message":"2. All default values loaded.","level":"info","label":"Test01","timestamp":"2019-06-19T00:12:45.364Z"}
{"message":"CORS disabled.","level":"warn","label":"Test01","timestamp":"2019-06-19T00:12:45.380Z"}
{"message":"1. Getting all the default value files.","level":"info","label":"Test01","timestamp":"2019-06-19T00:14:07.533Z"}
{"message":"2. All default values loaded.","level":"info","label":"Test01","timestamp":"2019-06-19T00:14:07.538Z"}
{"message":"CORS disabled.","level":"warn","label":"Test01","timestamp":"2019-06-19T00:14:07.551Z"}
{"message":"Application started with success.","level":"info","label":"Test01","timestamp":"2019-06-19T00:14:07.639Z"}
{"message":"Version : 1.0.0","level":"info","label":"Test01","timestamp":"2019-06-19T00:14:07.639Z"}
{"message":"Author: Tommy Gingras | Studio Webux S.E.N.C","level":"info","label":"Test01","timestamp":"2019-06-19T00:14:07.640Z"}
{"message":"Project : Webuxjs is listening on port 1337...","level":"info","label":"Test01","timestamp":"2019-06-19T00:14:07.640Z"}
{"message":"RESTFUL API accessible from : 1.0.0","level":"info","label":"Test01","timestamp":"2019-06-19T00:14:07.640Z"}
{"message":"Mode : development","level":"info","label":"Test01","timestamp":"2019-06-19T00:14:07.640Z"}
{"message":"Working Path : /Users/tgingras/Documents/Studiowebux/framework/webuxjs","level":"info","label":"Test01","timestamp":"2019-06-19T00:14:07.641Z"}
{"message":"will use locales/fr.json","level":"debug","label":"Test01","timestamp":"2019-06-19T00:14:14.275Z"}
{"message":"read locales/fr.json for locale: fr","level":"debug","label":"Test01","timestamp":"2019-06-19T00:14:14.275Z"}
{"message":"will use locales/en.json","level":"debug","label":"Test01","timestamp":"2019-06-19T00:14:14.276Z"}
{"message":"read locales/en.json for locale: en","level":"debug","label":"Test01","timestamp":"2019-06-19T00:14:14.276Z"}
{"message":"Language not available, undefined","level":"warn","label":"Test01","timestamp":"2019-06-19T00:14:14.289Z"}
{"message":"Route Not Found, Please Refer To Documentation.","level":"error","label":"Test01","timestamp":"2019-06-19T00:14:14.291Z"}
{"message":{"method":"GET","url":"/dfg","headers":{"host":"127.0.0.1:1337","pragma":"no-cache","connection":"keep-alive","upgrade-insecure-requests":"1","accept":"text/html,application/xhtml+xml,application/xml;q=0.9,*/*;q=0.8","user-agent":"Mozilla/5.0 (Macintosh; Intel Mac OS X 10_14_5) AppleWebKit/605.1.15 (KHTML, like Gecko) Version/12.1.1 Safari/605.1.15","accept-language":"en-ca","cache-control":"no-cache","accept-encoding":"gzip, deflate"},"body":{},"time":27.663294,"http":"1.1"},"level":"info","label":"Test01","timestamp":"2019-06-19T00:14:14.302Z"}
{"message":"{\"method\":\"GET\",\"url\":\"/dfg\",\"status\":\"404\",\"length\":\"-\",\"response-time\":\"40.352 ms\"}\n","level":"info","label":"Test01","timestamp":"2019-06-19T00:14:14.317Z"}
{"message":"will use locales/fr.json","level":"debug","label":"Test01","timestamp":"2019-06-19T00:14:32.554Z"}
{"message":"read locales/fr.json for locale: fr","level":"debug","label":"Test01","timestamp":"2019-06-19T00:14:32.555Z"}
{"message":"will use locales/en.json","level":"debug","label":"Test01","timestamp":"2019-06-19T00:14:32.555Z"}
{"message":"read locales/en.json for locale: en","level":"debug","label":"Test01","timestamp":"2019-06-19T00:14:32.555Z"}
{"message":"Language not available, undefined","level":"warn","label":"Test01","timestamp":"2019-06-19T00:14:32.556Z"}
{"message":"Language getter","level":"info","label":"Test01","timestamp":"2019-06-19T00:14:32.558Z"}
{"message":{"method":"GET","url":"/lang","headers":{"host":"127.0.0.1:1337","pragma":"no-cache","connection":"keep-alive","upgrade-insecure-requests":"1","accept":"text/html,application/xhtml+xml,application/xml;q=0.9,*/*;q=0.8","user-agent":"Mozilla/5.0 (Macintosh; Intel Mac OS X 10_14_5) AppleWebKit/605.1.15 (KHTML, like Gecko) Version/12.1.1 Safari/605.1.15","accept-language":"en-ca","cache-control":"no-cache","accept-encoding":"gzip, deflate"},"params":{},"body":{},"time":8.0148,"http":"1.1"},"level":"info","label":"Test01","timestamp":"2019-06-19T00:14:32.562Z"}
{"message":"{\"method\":\"GET\",\"url\":\"/lang\",\"status\":\"200\",\"length\":\"132\",\"response-time\":\"10.792 ms\"}\n","level":"info","label":"Test01","timestamp":"2019-06-19T00:14:32.565Z"}
