{"message":"CORS disabled.","level":"warn","label":"Test01","timestamp":"2019-07-13T23:01:06.113Z"}
{"message":"CORS disabled.","level":"warn","label":"Test01","timestamp":"2019-07-13T23:06:37.139Z"}
{"message":"CORS disabled.","level":"warn","label":"Test01","timestamp":"2019-07-13T23:12:20.192Z"}
{"message":"Language not available, undefined","level":"warn","label":"Test01","timestamp":"2019-07-13T23:12:25.845Z"}
{"message":"CORS disabled.","level":"warn","label":"Test01","timestamp":"2019-07-13T23:13:10.859Z"}
{"message":"Language not available, undefined","level":"warn","label":"Test01","timestamp":"2019-07-13T23:13:30.660Z"}
{"message":"Language not available, undefined","level":"warn","label":"Test01","timestamp":"2019-07-13T23:13:35.072Z"}
{"message":"Language not available, undefined","level":"warn","label":"Test01","timestamp":"2019-07-13T23:13:41.322Z"}
{"message":"Language not available, undefined","level":"warn","label":"Test01","timestamp":"2019-07-13T23:13:45.579Z"}
{"message":"CORS disabled.","level":"warn","label":"Test01","timestamp":"2019-07-13T23:16:39.239Z"}
{"message":"Language not available, undefined","level":"warn","label":"Test01","timestamp":"2019-07-13T23:16:41.682Z"}
{"message":"user not found","devMessage":"","extra":{"user":{},"req":{"method":"GET","url":"/api/v1/user/5d2a65869395b8798bdcdbec"},"stack":"Error: user not found\n    at Webux.errorHandler (/Users/tgingras/Documents/Studiowebux/framework/webuxjs/node_modules/webux-errorhandler/index.js:92:15)\n    at Promise (/Users/tgingras/Documents/Studiowebux/framework/webuxjs/api/v1/actions/user/findOne.js:36:29)\n    at process._tickCallback (internal/process/next_tick.js:68:7)"},"level":"error","label":"Test01","timestamp":"2019-07-13T23:16:41.724Z"}
{"message":"Language not available, undefined","level":"warn","label":"Test01","timestamp":"2019-07-13T23:16:44.417Z"}
{"message":"users not found","devMessage":"","extra":{"user":{},"req":{"method":"GET","url":"/api/v1/user/"},"stack":"Error: users not found\n    at Webux.errorHandler (/Users/tgingras/Documents/Studiowebux/framework/webuxjs/node_modules/webux-errorhandler/index.js:92:15)\n    at Promise (/Users/tgingras/Documents/Studiowebux/framework/webuxjs/api/v1/actions/user/find.js:28:29)\n    at process._tickCallback (internal/process/next_tick.js:68:7)"},"level":"error","label":"Test01","timestamp":"2019-07-13T23:16:44.424Z"}
{"message":"CORS disabled.","level":"warn","label":"Test01","timestamp":"2019-07-13T23:17:11.364Z"}
{"message":"Language not available, undefined","level":"warn","label":"Test01","timestamp":"2019-07-13T23:17:13.120Z"}
{"message":{"waitedMS":0,"ok":0,"errmsg":">1 field in obj: {}","code":2,"name":"MongoError"},"devMessage":"","extra":{"user":{},"req":{"method":"GET","url":"/api/v1/user/"},"stack":"Error: MongoError: >1 field in obj: {}\n    at Webux.errorHandler (/Users/tgingras/Documents/Studiowebux/framework/webuxjs/node_modules/webux-errorhandler/index.js:92:15)\n    at Webux.db.User.find.catch.e (/Users/tgingras/Documents/Studiowebux/framework/webuxjs/api/v1/actions/user/find.js:25:29)\n    at process._tickCallback (internal/process/next_tick.js:68:7)"},"level":"error","label":"Test01","timestamp":"2019-07-13T23:17:13.141Z"}
{"message":"CORS disabled.","level":"warn","label":"Test01","timestamp":"2019-07-13T23:17:40.959Z"}
{"message":"Language not available, undefined","level":"warn","label":"Test01","timestamp":"2019-07-13T23:17:43.143Z"}
{"message":{"waitedMS":0,"ok":0,"errmsg":">1 field in obj: {}","code":2,"name":"MongoError"},"devMessage":"","extra":{"user":{},"req":{"method":"GET","url":"/api/v1/user/"},"stack":"Error: MongoError: >1 field in obj: {}\n    at Webux.errorHandler (/Users/tgingras/Documents/Studiowebux/framework/webuxjs/node_modules/webux-errorhandler/index.js:92:15)\n    at Webux.db.User.find.select.catch.e (/Users/tgingras/Documents/Studiowebux/framework/webuxjs/api/v1/actions/user/find.js:27:31)\n    at process._tickCallback (internal/process/next_tick.js:68:7)"},"level":"error","label":"Test01","timestamp":"2019-07-13T23:17:43.170Z"}
{"message":"CORS disabled.","level":"warn","label":"Test01","timestamp":"2019-07-13T23:18:50.848Z"}
{"message":"Language not available, undefined","level":"warn","label":"Test01","timestamp":"2019-07-13T23:18:53.995Z"}
{"message":{"waitedMS":0,"ok":0,"errmsg":">1 field in obj: {}","code":2,"name":"MongoError"},"devMessage":"","extra":{"user":{},"req":{"method":"GET","url":"/api/v1/user/"},"stack":"Error: MongoError: >1 field in obj: {}\n    at Webux.errorHandler (/Users/tgingras/Documents/Studiowebux/framework/webuxjs/node_modules/webux-errorhandler/index.js:92:15)\n    at Webux.db.User.find.select.catch.e (/Users/tgingras/Documents/Studiowebux/framework/webuxjs/api/v1/actions/user/find.js:27:31)\n    at process._tickCallback (internal/process/next_tick.js:68:7)"},"level":"error","label":"Test01","timestamp":"2019-07-13T23:18:54.063Z"}
{"level":"error","message":"DB : An error occur while connecting to the mongo in memory database","label":"Test01","timestamp":"2019-07-13T23:20:24.670Z"}
{"message":"CORS disabled.","level":"warn","label":"Test01","timestamp":"2019-07-13T23:21:02.032Z"}
{"message":"Language not available, undefined","level":"warn","label":"Test01","timestamp":"2019-07-13T23:21:04.440Z"}
{"message":{"waitedMS":0,"ok":0,"errmsg":">1 field in obj: {}","code":2,"name":"MongoError"},"devMessage":"","extra":{"user":{},"req":{"method":"GET","url":"/api/v1/user/"},"stack":"Error: MongoError: >1 field in obj: {}\n    at Webux.errorHandler (/Users/tgingras/Documents/Studiowebux/framework/webuxjs/node_modules/webux-errorhandler/index.js:92:15)\n    at Webux.db.User.find.select.catch.e (/Users/tgingras/Documents/Studiowebux/framework/webuxjs/api/v1/actions/user/find.js:27:31)\n    at process._tickCallback (internal/process/next_tick.js:68:7)"},"level":"error","label":"Test01","timestamp":"2019-07-13T23:21:04.456Z"}
{"message":"CORS disabled.","level":"warn","label":"Test01","timestamp":"2019-07-13T23:21:17.637Z"}
{"message":"Language not available, undefined","level":"warn","label":"Test01","timestamp":"2019-07-13T23:21:18.672Z"}
{"message":"CORS disabled.","level":"warn","label":"Test01","timestamp":"2019-07-13T23:21:54.573Z"}
{"message":"Language not available, undefined","level":"warn","label":"Test01","timestamp":"2019-07-13T23:21:55.487Z"}
{"message":{"waitedMS":0,"ok":0,"errmsg":">1 field in obj: {}","code":2,"name":"MongoError"},"devMessage":"","extra":{"user":{},"req":{"method":"GET","url":"/api/v1/user/"},"stack":"Error: MongoError: >1 field in obj: {}\n    at Webux.errorHandler (/Users/tgingras/Documents/Studiowebux/framework/webuxjs/node_modules/webux-errorhandler/index.js:92:15)\n    at Webux.db.User.find.select.catch.e (/Users/tgingras/Documents/Studiowebux/framework/webuxjs/api/v1/actions/user/find.js:28:31)\n    at process._tickCallback (internal/process/next_tick.js:68:7)"},"level":"error","label":"Test01","timestamp":"2019-07-13T23:21:55.501Z"}
{"message":"Language not available, undefined","level":"warn","label":"Test01","timestamp":"2019-07-13T23:21:56.563Z"}
{"message":{"waitedMS":0,"ok":0,"errmsg":">1 field in obj: {}","code":2,"name":"MongoError"},"devMessage":"","extra":{"user":{},"req":{"method":"GET","url":"/api/v1/user/"},"stack":"Error: MongoError: >1 field in obj: {}\n    at Webux.errorHandler (/Users/tgingras/Documents/Studiowebux/framework/webuxjs/node_modules/webux-errorhandler/index.js:92:15)\n    at Webux.db.User.find.select.catch.e (/Users/tgingras/Documents/Studiowebux/framework/webuxjs/api/v1/actions/user/find.js:28:31)\n    at process._tickCallback (internal/process/next_tick.js:68:7)"},"level":"error","label":"Test01","timestamp":"2019-07-13T23:21:56.568Z"}
{"message":"CORS disabled.","level":"warn","label":"Test01","timestamp":"2019-07-13T23:24:08.698Z"}
{"message":"Language not available, undefined","level":"warn","label":"Test01","timestamp":"2019-07-13T23:24:09.822Z"}
{"message":"Language not available, undefined","level":"warn","label":"Test01","timestamp":"2019-07-13T23:24:19.760Z"}
{"message":"Language not available, undefined","level":"warn","label":"Test01","timestamp":"2019-07-13T23:24:21.283Z"}
{"message":"Language not available, undefined","level":"warn","label":"Test01","timestamp":"2019-07-13T23:24:33.558Z"}
{"message":"Language not available, undefined","level":"warn","label":"Test01","timestamp":"2019-07-13T23:24:37.604Z"}
{"message":"Language not available, undefined","level":"warn","label":"Test01","timestamp":"2019-07-13T23:24:42.515Z"}
{"message":"Language not available, undefined","level":"warn","label":"Test01","timestamp":"2019-07-13T23:24:46.497Z"}
{"message":"CORS disabled.","level":"warn","label":"Test01","timestamp":"2019-07-13T23:25:22.999Z"}
{"message":"Language not available, undefined","level":"warn","label":"Test01","timestamp":"2019-07-13T23:25:24.120Z"}
{"message":"CORS disabled.","level":"warn","label":"Test01","timestamp":"2019-07-13T23:26:04.008Z"}
{"message":"Language not available, undefined","level":"warn","label":"Test01","timestamp":"2019-07-13T23:26:04.928Z"}
{"message":{"waitedMS":0,"ok":0,"errmsg":">1 field in obj: {}","code":2,"name":"MongoError"},"devMessage":"","extra":{"user":{},"req":{"method":"GET","url":"/api/v1/user/?sort=email%20asc,"},"stack":"Error: MongoError: >1 field in obj: {}\n    at Webux.errorHandler (/Users/tgingras/Documents/Studiowebux/framework/webuxjs/node_modules/webux-errorhandler/index.js:92:15)\n    at Webux.db.User.find.select.catch.e (/Users/tgingras/Documents/Studiowebux/framework/webuxjs/api/v1/actions/user/find.js:28:31)\n    at process._tickCallback (internal/process/next_tick.js:68:7)"},"level":"error","label":"Test01","timestamp":"2019-07-13T23:26:04.960Z"}
{"message":"Language not available, undefined","level":"warn","label":"Test01","timestamp":"2019-07-13T23:26:06.489Z"}
{"message":{"waitedMS":0,"ok":0,"errmsg":">1 field in obj: {}","code":2,"name":"MongoError"},"devMessage":"","extra":{"user":{},"req":{"method":"GET","url":"/api/v1/user/?sort=email%20asc,"},"stack":"Error: MongoError: >1 field in obj: {}\n    at Webux.errorHandler (/Users/tgingras/Documents/Studiowebux/framework/webuxjs/node_modules/webux-errorhandler/index.js:92:15)\n    at Webux.db.User.find.select.catch.e (/Users/tgingras/Documents/Studiowebux/framework/webuxjs/api/v1/actions/user/find.js:28:31)\n    at process._tickCallback (internal/process/next_tick.js:68:7)"},"level":"error","label":"Test01","timestamp":"2019-07-13T23:26:06.495Z"}
{"message":"CORS disabled.","level":"warn","label":"Test01","timestamp":"2019-07-13T23:26:30.898Z"}
{"message":"Language not available, undefined","level":"warn","label":"Test01","timestamp":"2019-07-13T23:26:32.900Z"}
{"message":"CORS disabled.","level":"warn","label":"Test01","timestamp":"2019-07-13T23:27:41.374Z"}
{"message":"Language not available, undefined","level":"warn","label":"Test01","timestamp":"2019-07-13T23:27:41.879Z"}
{"message":"Language not available, undefined","level":"warn","label":"Test01","timestamp":"2019-07-13T23:27:45.640Z"}
{"message":"CORS disabled.","level":"warn","label":"Test01","timestamp":"2019-07-13T23:28:44.064Z"}
{"message":"Language not available, undefined","level":"warn","label":"Test01","timestamp":"2019-07-13T23:28:46.351Z"}
{"message":"Language not available, undefined","level":"warn","label":"Test01","timestamp":"2019-07-13T23:28:51.070Z"}
{"message":"CORS disabled.","level":"warn","label":"Test01","timestamp":"2019-07-13T23:29:51.909Z"}
{"message":"Language not available, undefined","level":"warn","label":"Test01","timestamp":"2019-07-13T23:29:53.873Z"}
{"message":"CORS disabled.","level":"warn","label":"Test01","timestamp":"2019-07-13T23:30:29.483Z"}
{"message":"Language not available, undefined","level":"warn","label":"Test01","timestamp":"2019-07-13T23:30:31.394Z"}
{"message":"CORS disabled.","level":"warn","label":"Test01","timestamp":"2019-07-13T23:32:46.062Z"}
{"message":"Language not available, undefined","level":"warn","label":"Test01","timestamp":"2019-07-13T23:32:48.129Z"}
{"message":"CORS disabled.","level":"warn","label":"Test01","timestamp":"2019-07-13T23:34:13.263Z"}
{"message":"Language not available, undefined","level":"warn","label":"Test01","timestamp":"2019-07-13T23:34:14.073Z"}
{"message":{"waitedMS":0,"ok":0,"errmsg":">1 field in obj: {}","code":2,"name":"MongoError"},"devMessage":"","extra":{"user":{},"req":{"method":"GET","url":"/api/v1/user/?sort=email%20asc,"},"stack":"Error: MongoError: >1 field in obj: {}\n    at Webux.errorHandler (/Users/tgingras/Documents/Studiowebux/framework/webuxjs/node_modules/webux-errorhandler/index.js:92:15)\n    at Webux.db.User.find.catch.e (/Users/tgingras/Documents/Studiowebux/framework/webuxjs/api/v1/actions/user/find.js:29:31)\n    at process._tickCallback (internal/process/next_tick.js:68:7)"},"level":"error","label":"Test01","timestamp":"2019-07-13T23:34:14.107Z"}
{"message":"CORS disabled.","level":"warn","label":"Test01","timestamp":"2019-07-13T23:35:54.860Z"}
{"message":"Language not available, undefined","level":"warn","label":"Test01","timestamp":"2019-07-13T23:35:55.848Z"}
{"message":"Language not available, undefined","level":"warn","label":"Test01","timestamp":"2019-07-13T23:36:08.545Z"}
{"message":"Cannot read property 'trim' of undefined","devMessage":"","extra":{"user":{},"req":{"method":"GET","url":"/api/v1/user/5d2a6ada0f0f0e7f27deeca2?select=email,"},"stack":"TypeError: Cannot read property 'trim' of undefined\n    at splObj.forEach (/Users/tgingras/Documents/Studiowebux/framework/webuxjs/node_modules/mongo-qp/dist/parseProjectionString/getProjection.js:34:63)\n    at Array.forEach (<anonymous>)\n    at getProjection (/Users/tgingras/Documents/Studiowebux/framework/webuxjs/node_modules/mongo-qp/dist/parseProjectionString/getProjection.js:16:12)\n    at ParseQuery (/Users/tgingras/Documents/Studiowebux/framework/webuxjs/node_modules/mongo-qp/dist/ParseQuery.js:27:37)\n    at /Users/tgingras/Documents/Studiowebux/framework/webuxjs/node_modules/webux-query/index.js:52:25\n    at Layer.handle [as handle_request] (/Users/tgingras/Documents/Studiowebux/framework/webuxjs/node_modules/express/lib/router/layer.js:95:5)\n    at next (/Users/tgingras/Documents/Studiowebux/framework/webuxjs/node_modules/express/lib/router/route.js:137:13)\n    at Route.dispatch (/Users/tgingras/Documents/Studiowebux/framework/webuxjs/node_modules/express/lib/router/route.js:112:3)\n    at Layer.handle [as handle_request] (/Users/tgingras/Documents/Studiowebux/framework/webuxjs/node_modules/express/lib/router/layer.js:95:5)\n    at /Users/tgingras/Documents/Studiowebux/framework/webuxjs/node_modules/express/lib/router/index.js:281:22\n    at param (/Users/tgingras/Documents/Studiowebux/framework/webuxjs/node_modules/express/lib/router/index.js:354:14)\n    at param (/Users/tgingras/Documents/Studiowebux/framework/webuxjs/node_modules/express/lib/router/index.js:365:14)\n    at Function.process_params (/Users/tgingras/Documents/Studiowebux/framework/webuxjs/node_modules/express/lib/router/index.js:410:3)\n    at next (/Users/tgingras/Documents/Studiowebux/framework/webuxjs/node_modules/express/lib/router/index.js:275:10)\n    at Function.handle (/Users/tgingras/Documents/Studiowebux/framework/webuxjs/node_modules/express/lib/router/index.js:174:3)\n    at router (/Users/tgingras/Documents/Studiowebux/framework/webuxjs/node_modules/express/lib/router/index.js:47:12)"},"level":"error","label":"Test01","timestamp":"2019-07-13T23:36:08.550Z"}
{"message":"Language not available, undefined","level":"warn","label":"Test01","timestamp":"2019-07-13T23:36:16.863Z"}
{"message":"CORS disabled.","level":"warn","label":"Test01","timestamp":"2019-07-13T23:37:30.519Z"}
{"message":"Language not available, undefined","level":"warn","label":"Test01","timestamp":"2019-07-13T23:37:32.265Z"}
{"message":"Language not available, undefined","level":"warn","label":"Test01","timestamp":"2019-07-13T23:37:47.496Z"}
{"message":"Cannot read property 'trim' of undefined","devMessage":"","extra":{"user":{},"req":{"method":"GET","url":"/api/v1/user/5d2a6ada0f0f0e7f27deeca2?select=email,"},"stack":"TypeError: Cannot read property 'trim' of undefined\n    at splObj.forEach (/Users/tgingras/Documents/Studiowebux/framework/webuxjs/node_modules/mongo-qp/dist/parseProjectionString/getProjection.js:34:63)\n    at Array.forEach (<anonymous>)\n    at getProjection (/Users/tgingras/Documents/Studiowebux/framework/webuxjs/node_modules/mongo-qp/dist/parseProjectionString/getProjection.js:16:12)\n    at ParseQuery (/Users/tgingras/Documents/Studiowebux/framework/webuxjs/node_modules/mongo-qp/dist/ParseQuery.js:27:37)\n    at /Users/tgingras/Documents/Studiowebux/framework/webuxjs/node_modules/webux-query/index.js:52:25\n    at Layer.handle [as handle_request] (/Users/tgingras/Documents/Studiowebux/framework/webuxjs/node_modules/express/lib/router/layer.js:95:5)\n    at next (/Users/tgingras/Documents/Studiowebux/framework/webuxjs/node_modules/express/lib/router/route.js:137:13)\n    at Route.dispatch (/Users/tgingras/Documents/Studiowebux/framework/webuxjs/node_modules/express/lib/router/route.js:112:3)\n    at Layer.handle [as handle_request] (/Users/tgingras/Documents/Studiowebux/framework/webuxjs/node_modules/express/lib/router/layer.js:95:5)\n    at /Users/tgingras/Documents/Studiowebux/framework/webuxjs/node_modules/express/lib/router/index.js:281:22\n    at param (/Users/tgingras/Documents/Studiowebux/framework/webuxjs/node_modules/express/lib/router/index.js:354:14)\n    at param (/Users/tgingras/Documents/Studiowebux/framework/webuxjs/node_modules/express/lib/router/index.js:365:14)\n    at Function.process_params (/Users/tgingras/Documents/Studiowebux/framework/webuxjs/node_modules/express/lib/router/index.js:410:3)\n    at next (/Users/tgingras/Documents/Studiowebux/framework/webuxjs/node_modules/express/lib/router/index.js:275:10)\n    at Function.handle (/Users/tgingras/Documents/Studiowebux/framework/webuxjs/node_modules/express/lib/router/index.js:174:3)\n    at router (/Users/tgingras/Documents/Studiowebux/framework/webuxjs/node_modules/express/lib/router/index.js:47:12)"},"level":"error","label":"Test01","timestamp":"2019-07-13T23:37:47.498Z"}
{"message":"Language not available, undefined","level":"warn","label":"Test01","timestamp":"2019-07-13T23:37:52.942Z"}
{"message":"Language not available, undefined","level":"warn","label":"Test01","timestamp":"2019-07-13T23:38:23.567Z"}
{"message":"CORS disabled.","level":"warn","label":"Test01","timestamp":"2019-07-13T23:38:50.987Z"}
{"message":"Language not available, undefined","level":"warn","label":"Test01","timestamp":"2019-07-13T23:38:51.217Z"}
{"message":"Language not available, undefined","level":"warn","label":"Test01","timestamp":"2019-07-13T23:39:18.553Z"}
{"message":"Language not available, undefined","level":"warn","label":"Test01","timestamp":"2019-07-13T23:39:22.800Z"}
{"message":"CORS disabled.","level":"warn","label":"Test01","timestamp":"2019-07-13T23:40:41.761Z"}
{"message":"Language not available, undefined","level":"warn","label":"Test01","timestamp":"2019-07-13T23:40:42.412Z"}
{"message":"user not found","devMessage":"","extra":{"user":{},"req":{"method":"GET","url":"/api/v1/user/5d2a6b8aa8ecf97fc3697df7"},"stack":"Error: user not found\n    at Webux.errorHandler (/Users/tgingras/Documents/Studiowebux/framework/webuxjs/node_modules/webux-errorhandler/index.js:92:15)\n    at Promise (/Users/tgingras/Documents/Studiowebux/framework/webuxjs/api/v1/actions/user/findOne.js:37:29)\n    at process._tickCallback (internal/process/next_tick.js:68:7)"},"level":"error","label":"Test01","timestamp":"2019-07-13T23:40:42.463Z"}
{"message":"Language not available, undefined","level":"warn","label":"Test01","timestamp":"2019-07-13T23:40:45.125Z"}
{"message":"Language not available, undefined","level":"warn","label":"Test01","timestamp":"2019-07-13T23:40:49.459Z"}
{"message":"CORS disabled.","level":"warn","label":"Test01","timestamp":"2019-07-13T23:44:05.157Z"}
